2015-12-08 15:52:55,466 [main] WARN  o.e.r.i.c.rcp.TypeBindingAnalyzer - Can't handle %s as parent of completion location.
2015-12-08 18:18:49,141 [main] WARN  o.e.r.i.c.rcp.TypeBindingAnalyzer - Can't handle %s as parent of completion location.
2015-12-08 19:15:32,127 [main] WARN  o.e.r.i.c.rcp.TypeBindingAnalyzer - Can't handle %s as parent of completion location.
2015-12-08 21:05:45,912 [main] WARN  o.e.r.i.c.rcp.TypeBindingAnalyzer - Can't handle %s as parent of completion location.
2015-12-09 15:07:08,822 [main] WARN  o.e.r.i.c.rcp.TypeBindingAnalyzer - Can't handle %s as parent of completion location.
2015-12-09 15:36:23,074 [main] WARN  o.e.r.i.c.rcp.TypeBindingAnalyzer - Can't handle %s as parent of completion location.
2015-12-12 14:36:58,506 [main] WARN  o.e.r.i.c.rcp.TypeBindingAnalyzer - Can't handle %s as parent of completion location.
2015-12-12 14:37:04,383 [main] WARN  o.e.r.i.c.rcp.TypeBindingAnalyzer - Can't handle %s as parent of completion location.
2015-12-13 12:49:00,399 [main] WARN  o.e.r.i.c.rcp.TypeBindingAnalyzer - Can't handle %s as parent of completion location.
2015-12-13 12:56:51,589 [main] WARN  o.e.r.i.c.rcp.TypeBindingAnalyzer - Can't handle %s as parent of completion location.
2015-12-13 15:52:59,640 [main] WARN  o.e.r.i.c.rcp.TypeBindingAnalyzer - Can't handle %s as parent of completion location.
2015-12-13 16:16:17,979 [main] WARN  o.e.r.i.c.rcp.TypeBindingAnalyzer - Can't handle %s as parent of completion location.
2015-12-17 11:08:39,508 [main] WARN  o.e.r.i.c.rcp.TypeBindingAnalyzer - Can't handle %s as parent of completion location.
2015-12-17 14:28:24,766 [main] WARN  o.e.r.c.r.p.ProcessableProposalFactory - Unknown JDT proposal type 'class org.eclipse.jdt.internal.ui.text.java.LazyJavaCompletionProposal' ('@deprecated'). Returning original proposal instead.
2015-12-17 14:28:24,775 [main] WARN  o.e.r.c.r.p.ProcessableProposalFactory - Unknown JDT proposal type 'class org.eclipse.jdt.internal.ui.text.java.LazyJavaCompletionProposal' ('@since'). Returning original proposal instead.
2015-12-17 14:28:24,775 [main] WARN  o.e.r.c.r.p.ProcessableProposalFactory - Unknown JDT proposal type 'class org.eclipse.jdt.internal.ui.text.javadoc.JavadocInlineTagCompletionProposal' ('{@link}'). Returning original proposal instead.
2015-12-17 14:28:24,776 [main] WARN  o.e.r.c.r.p.ProcessableProposalFactory - Unknown JDT proposal type 'class org.eclipse.jdt.internal.ui.text.javadoc.JavadocInlineTagCompletionProposal' ('{@linkplain}'). Returning original proposal instead.
2015-12-17 14:28:24,776 [main] WARN  o.e.r.c.r.p.ProcessableProposalFactory - Unknown JDT proposal type 'class org.eclipse.jdt.internal.ui.text.javadoc.JavadocInlineTagCompletionProposal' ('{@literal}'). Returning original proposal instead.
2015-12-17 14:28:24,777 [main] WARN  o.e.r.c.r.p.ProcessableProposalFactory - Unknown JDT proposal type 'class org.eclipse.jdt.internal.ui.text.java.LazyJavaCompletionProposal' ('@throws'). Returning original proposal instead.
2015-12-17 14:28:24,777 [main] WARN  o.e.r.c.r.p.ProcessableProposalFactory - Unknown JDT proposal type 'class org.eclipse.jdt.internal.ui.text.javadoc.JavadocInlineTagCompletionProposal' ('{@inheritDoc}'). Returning original proposal instead.
2015-12-17 14:28:24,778 [main] WARN  o.e.r.c.r.p.ProcessableProposalFactory - Unknown JDT proposal type 'class org.eclipse.jdt.internal.ui.text.java.LazyJavaCompletionProposal' ('@param'). Returning original proposal instead.
2015-12-17 14:28:24,778 [main] WARN  o.e.r.c.r.p.ProcessableProposalFactory - Unknown JDT proposal type 'class org.eclipse.jdt.internal.ui.text.java.LazyJavaCompletionProposal' ('@return'). Returning original proposal instead.
2015-12-17 14:28:24,779 [main] WARN  o.e.r.c.r.p.ProcessableProposalFactory - Unknown JDT proposal type 'class org.eclipse.jdt.internal.ui.text.javadoc.JavadocInlineTagCompletionProposal' ('{@code}'). Returning original proposal instead.
2015-12-17 14:28:24,781 [main] WARN  o.e.r.c.r.p.ProcessableProposalFactory - Unknown JDT proposal type 'class org.eclipse.jdt.internal.ui.text.java.LazyJavaCompletionProposal' ('@exception'). Returning original proposal instead.
2015-12-17 14:28:24,781 [main] WARN  o.e.r.c.r.p.ProcessableProposalFactory - Unknown JDT proposal type 'class org.eclipse.jdt.internal.ui.text.java.LazyJavaCompletionProposal' ('@serialData'). Returning original proposal instead.
2015-12-17 14:28:24,782 [main] WARN  o.e.r.c.r.p.ProcessableProposalFactory - Unknown JDT proposal type 'class org.eclipse.jdt.internal.ui.text.javadoc.JavadocInlineTagCompletionProposal' ('{@docRoot}'). Returning original proposal instead.
2015-12-17 14:28:24,782 [main] WARN  o.e.r.c.r.p.ProcessableProposalFactory - Unknown JDT proposal type 'class org.eclipse.jdt.internal.ui.text.javadoc.JavadocInlineTagCompletionProposal' ('{@value}'). Returning original proposal instead.
2015-12-17 14:28:24,783 [main] WARN  o.e.r.c.r.p.ProcessableProposalFactory - Unknown JDT proposal type 'class org.eclipse.jdt.internal.ui.text.java.LazyJavaCompletionProposal' ('@see'). Returning original proposal instead.
2015-12-17 14:28:24,783 [main] WARN  o.e.r.c.r.p.ProcessableProposalFactory - Unknown JDT proposal type 'class org.eclipse.jdt.internal.ui.text.java.LazyJavaCompletionProposal' ('@category'). Returning original proposal instead.
2015-12-26 13:00:59,106 [main] WARN  o.e.r.i.c.rcp.TypeBindingAnalyzer - Can't handle %s as parent of completion location.
